14:34:57 **** Incremental Build of configuration Nios II for project JtagUartSmall ****
make all 
Info: Building ../JtagUartSmall_bsp/
C:/intelFPGA/17.1/nios2eds/bin/gnu/H-x86_64-mingw32/bin/make --no-print-directory -C ../JtagUartSmall_bsp/
[BSP build complete]
Info: Compiling hello_world_small.c to obj/default/hello_world_small.o
nios2-elf-gcc -xc -MP -MMD -c -I../JtagUartSmall_bsp//HAL/inc -I../JtagUartSmall_bsp/ -I../JtagUartSmall_bsp//drivers/inc  -pipe -D__hal__ -DALT_NO_C_PLUS_PLUS -DALT_NO_CLEAN_EXIT -D'exit(a)=_exit(a)' -DALT_NO_EXIT -DALT_USE_DIRECT_DRIVERS -DALT_NO_INSTRUCTION_EMULATION -DALT_USE_SMALL_DRIVERS -DSMALL_C_LIB -DALT_SINGLE_THREADED    -Os -g -Wall   -mno-hw-div -mno-hw-mul -mno-hw-mulx -mgpopt=global  -o obj/default/hello_world_small.o hello_world_small.c
hello_world_small.c: In function 'main':
hello_world_small.c:98:3: warning: 'input' is used uninitialized in this function [-Wuninitialized]
   alt_putstr(input);
   ^
Info: Linking JtagUartSmall.elf
nios2-elf-g++  -T'../JtagUartSmall_bsp//linker.x' -msys-crt0='../JtagUartSmall_bsp//obj/HAL/src/crt0.o' -msys-lib=hal_bsp -L../JtagUartSmall_bsp/  -msmallc  -Wl,-Map=JtagUartSmall.map   -Os -g -Wall   -mno-hw-div -mno-hw-mul -mno-hw-mulx -mgpopt=global  -o JtagUartSmall.elf obj/default/hello_world_small.o -lm -msys-lib=m
nios2-elf-insert JtagUartSmall.elf --thread_model hal --cpu_name nios2_gen2_0 --qsys true --simulation_enabled false --stderr_dev jtag_uart_0 --stdin_dev jtag_uart_0 --stdout_dev jtag_uart_0 --sopc_system_name System --quartus_project_dir "C:/VHDL/DSPC/DSPC/HashComp" --jdi ../..//output_files/HashComp.jdi --sopcinfo C:/VHDL/DSPC/DSPC/HashComp/software/JtagUartSmall_bsp/../../System.sopcinfo
Info: (JtagUartSmall.elf) 1008 Bytes program size (code + initialized data).
Info:                     30 KBytes free for stack + heap.
Info: Creating JtagUartSmall.objdump
nios2-elf-objdump --disassemble --syms --all-header --source JtagUartSmall.elf >JtagUartSmall.objdump
[JtagUartSmall build complete]

14:35:00 Build Finished (took 2s.396ms)

